<?xml version="1.0" encoding="UTF-8"?>
<!-- Generated by org.testng.reporters.JUnitXMLReporter -->
<testsuite ignored="12" hostname="IN-2NJHZH3" failures="0" tests="1" name="Default test" time="81.92" errors="0" timestamp="2024-08-26T21:06:33 IST">
  <testcase classname="HeatMap_TestFunction.Login_Testfuction" name="set_benchmarklinkReport" time="65.031"/>
  <testcase classname="HeatMap_TestFunction.Login_Testfuction" name="TakeAction_Goal" time="0.0">
    <ignored/>
  </testcase> <!-- TakeAction_Goal -->
  <testcase classname="HeatMap_TestFunction.Login_Testfuction" name="getPageTitle" time="0.0">
    <ignored/>
  </testcase> <!-- getPageTitle -->
  <testcase classname="HeatMap_TestFunction.Login_Testfuction" name="set_Editsection" time="0.0">
    <ignored/>
  </testcase> <!-- set_Editsection -->
  <testcase classname="HeatMap_TestFunction.Login_Testfuction" name="launchHeatmap" time="0.0">
    <ignored/>
  </testcase> <!-- launchHeatmap -->
  <testcase classname="HeatMap_TestFunction.Login_Testfuction" name="ViewReport_Heatmap" time="0.0">
    <ignored/>
  </testcase> <!-- ViewReport_Heatmap -->
  <testcase classname="HeatMap_TestFunction.Login_Testfuction" name="set_moveAfter_Question" time="0.0">
    <ignored/>
  </testcase> <!-- set_moveAfter_Question -->
  <testcase classname="HeatMap_TestFunction.Login_Testfuction" name="deleteAction_Report" time="0.0">
    <ignored/>
  </testcase> <!-- deleteAction_Report -->
  <testcase classname="HeatMap_TestFunction.Login_Testfuction" name="set_AddsectionandRemove" time="0.0">
    <ignored/>
  </testcase> <!-- set_AddsectionandRemove -->
  <testcase classname="HeatMap_TestFunction.Login_Testfuction" name="select_ageFilters" time="0.0">
    <ignored/>
  </testcase> <!-- select_ageFilters -->
  <testcase classname="HeatMap_TestFunction.Login_Testfuction" name="mouseHover_actionmethod" time="0.0">
    <ignored/>
  </testcase> <!-- mouseHover_actionmethod -->
  <testcase classname="HeatMap_TestFunction.Login_Testfuction" name="saveHeatmap_Report" time="0.0">
    <ignored/>
  </testcase> <!-- saveHeatmap_Report -->
  <testcase classname="HeatMap_TestFunction.Login_Testfuction" name="get_Ungrouped_qus" time="0.0">
    <ignored/>
  </testcase> <!-- get_Ungrouped_qus -->
</testsuite> <!-- Default test -->
