<?xml version="1.0" encoding="UTF-8"?>
<testng-results ignored="0" total="1" passed="1" failed="0" skipped="0">
  <reporter-output>
  </reporter-output>
  <suite started-at="2024-08-26T21:05:11 IST" name="Default suite" finished-at="2024-08-26T21:06:33 IST" duration-ms="81920">
    <groups>
    </groups>
    <test started-at="2024-08-26T21:05:11 IST" name="Default test" finished-at="2024-08-26T21:06:33 IST" duration-ms="81920">
      <class name="HeatMap_TestFunction.Login_Testfuction">
        <test-method is-config="true" signature="launchBrowser()[pri:0, instance:HeatMap_TestFunction.Login_Testfuction@1aafa419]" started-at="2024-08-26T21:05:11 IST" name="launchBrowser" finished-at="2024-08-26T21:05:28 IST" duration-ms="16828" status="PASS">
          <reporter-output>
          </reporter-output>
        </test-method> <!-- launchBrowser -->
        <test-method signature="set_benchmarklinkReport()[pri:0, instance:HeatMap_TestFunction.Login_Testfuction@1aafa419]" started-at="2024-08-26T21:05:28 IST" name="set_benchmarklinkReport" finished-at="2024-08-26T21:06:33 IST" duration-ms="65031" status="PASS">
          <reporter-output>
          </reporter-output>
        </test-method> <!-- set_benchmarklinkReport -->
      </class> <!-- HeatMap_TestFunction.Login_Testfuction -->
    </test> <!-- Default test -->
  </suite> <!-- Default suite -->
</testng-results>
